
===========================================================================
report_checks -unconstrained
===========================================================================
======================= Typical Corner ===================================

Startpoint: _5370_ (rising edge-triggered flip-flop clocked by clk)
Endpoint: _5328_ (rising edge-triggered flip-flop clocked by clk)
Path Group: clk
Path Type: max

Fanout     Cap    Slew   Delay    Time   Description
-----------------------------------------------------------------------------
                  0.15    0.00    0.00   clock clk (rise edge)
                          0.00    0.00   clock network delay (ideal)
                  0.15    0.00    0.00 ^ _5370_/CLK (sky130_fd_sc_hd__dfxtp_2)
                  0.04    0.37    0.37 ^ _5370_/Q (sky130_fd_sc_hd__dfxtp_2)
     2    0.00                           systolic_inst.b_pe01_to_pe11[0] (net)
                  0.04    0.00    0.37 ^ _4989_/A (sky130_fd_sc_hd__buf_1)
                  0.36    0.31    0.68 ^ _4989_/X (sky130_fd_sc_hd__buf_1)
    10    0.03                           _0687_ (net)
                  0.36    0.00    0.68 ^ _4990_/A (sky130_fd_sc_hd__buf_1)
                  0.44    0.43    1.10 ^ _4990_/X (sky130_fd_sc_hd__buf_1)
    10    0.04                           _0688_ (net)
                  0.44    0.00    1.10 ^ _2577_/A (sky130_fd_sc_hd__nand3_2)
                  0.16    0.19    1.29 v _2577_/Y (sky130_fd_sc_hd__nand3_2)
     4    0.01                           _0820_ (net)
                  0.16    0.00    1.29 v _2579_/B2 (sky130_fd_sc_hd__a22o_2)
                  0.05    0.29    1.58 v _2579_/X (sky130_fd_sc_hd__a22o_2)
     2    0.01                           _0822_ (net)
                  0.05    0.00    1.58 v _2581_/A2 (sky130_fd_sc_hd__a211o_2)
                  0.07    0.37    1.96 v _2581_/X (sky130_fd_sc_hd__a211o_2)
     3    0.01                           _0824_ (net)
                  0.07    0.00    1.96 v _2633_/A2 (sky130_fd_sc_hd__a21bo_2)
                  0.04    0.24    2.20 v _2633_/X (sky130_fd_sc_hd__a21bo_2)
     2    0.01                           _0875_ (net)
                  0.04    0.00    2.20 v _2634_/C (sky130_fd_sc_hd__and3_2)
                  0.05    0.23    2.43 v _2634_/X (sky130_fd_sc_hd__and3_2)
     3    0.01                           _0876_ (net)
                  0.05    0.00    2.43 v _2636_/B (sky130_fd_sc_hd__or3_2)
                  0.09    0.49    2.92 v _2636_/X (sky130_fd_sc_hd__or3_2)
     2    0.01                           _0878_ (net)
                  0.09    0.00    2.92 v _2639_/A1 (sky130_fd_sc_hd__a211o_2)
                  0.07    0.36    3.27 v _2639_/X (sky130_fd_sc_hd__a211o_2)
     3    0.01                           _0881_ (net)
                  0.07    0.00    3.27 v _2640_/C (sky130_fd_sc_hd__and3_2)
                  0.04    0.23    3.51 v _2640_/X (sky130_fd_sc_hd__and3_2)
     2    0.01                           _0882_ (net)
                  0.04    0.00    3.51 v _2643_/B1 (sky130_fd_sc_hd__a211o_2)
                  0.05    0.32    3.83 v _2643_/X (sky130_fd_sc_hd__a211o_2)
     2    0.00                           _0885_ (net)
                  0.05    0.00    3.83 v _2650_/B1 (sky130_fd_sc_hd__o211a_2)
                  0.06    0.16    3.99 v _2650_/X (sky130_fd_sc_hd__o211a_2)
     3    0.01                           _0891_ (net)
                  0.06    0.00    3.99 v _2795_/B (sky130_fd_sc_hd__or4_2)
                  0.13    0.73    4.72 v _2795_/X (sky130_fd_sc_hd__or4_2)
     2    0.01                           _1032_ (net)
                  0.13    0.00    4.72 v _2823_/A1 (sky130_fd_sc_hd__a21o_2)
                  0.07    0.27    4.99 v _2823_/X (sky130_fd_sc_hd__a21o_2)
     5    0.02                           _1060_ (net)
                  0.07    0.00    5.00 v _2859_/A1 (sky130_fd_sc_hd__o311a_2)
                  0.05    0.40    5.40 v _2859_/X (sky130_fd_sc_hd__o311a_2)
     1    0.00                           _1094_ (net)
                  0.05    0.00    5.40 v _2860_/C (sky130_fd_sc_hd__or3_2)
                  0.09    0.44    5.84 v _2860_/X (sky130_fd_sc_hd__or3_2)
     1    0.01                           _1095_ (net)
                  0.09    0.00    5.84 v _2861_/A2 (sky130_fd_sc_hd__a21oi_2)
                  0.12    0.14    5.98 ^ _2861_/Y (sky130_fd_sc_hd__a21oi_2)
     1    0.00                           _0230_ (net)
                  0.12    0.00    5.98 ^ _5328_/D (sky130_fd_sc_hd__dfxtp_2)
                                  5.98   data arrival time

                  0.15   10.00   10.00   clock clk (rise edge)
                          0.00   10.00   clock network delay (ideal)
                         -0.25    9.75   clock uncertainty
                          0.00    9.75   clock reconvergence pessimism
                                  9.75 ^ _5328_/CLK (sky130_fd_sc_hd__dfxtp_2)
                         -0.06    9.69   library setup time
                                  9.69   data required time
-----------------------------------------------------------------------------
                                  9.69   data required time
                                 -5.98   data arrival time
-----------------------------------------------------------------------------
                                  3.71   slack (MET)




===========================================================================
report_checks --slack_max -0.01
============================================================================
======================= Typical Corner ===================================

No paths found.


===========================================================================
 report_check_types -max_slew -max_cap -max_fanout -violators
============================================================================
======================= Typical Corner ===================================

max slew

Pin                                    Limit    Slew   Slack
------------------------------------------------------------
_3406_/A                                0.75    0.92   -0.17 (VIOLATED)
_5052_/A                                0.75    0.92   -0.17 (VIOLATED)
_3757_/A                                0.75    0.92   -0.17 (VIOLATED)
_4607_/A                                0.75    0.92   -0.17 (VIOLATED)
_2567_/A                                0.75    0.92   -0.17 (VIOLATED)
_3848_/A                                0.75    0.92   -0.17 (VIOLATED)
_3908_/A                                0.75    0.92   -0.17 (VIOLATED)
_2978_/A                                0.75    0.92   -0.17 (VIOLATED)
_3040_/A                                0.75    0.92   -0.17 (VIOLATED)
_3327_/A                                0.75    0.92   -0.17 (VIOLATED)
_4604_/X                                0.75    0.92   -0.17 (VIOLATED)
_2861_/B1                               0.75    0.92   -0.17 (VIOLATED)
_4604_/A                                0.75    0.92   -0.17 (VIOLATED)
_4193_/B1                               0.75    0.92   -0.17 (VIOLATED)
_4475_/B1                               0.75    0.92   -0.17 (VIOLATED)
_3722_/B1                               0.75    0.92   -0.17 (VIOLATED)
_4361_/B1                               0.75    0.92   -0.17 (VIOLATED)
_4346_/X                                0.75    0.92   -0.17 (VIOLATED)
_4347_/B1                               0.75    0.92   -0.17 (VIOLATED)
_4357_/B1                               0.75    0.92   -0.17 (VIOLATED)
_4616_/B1                               0.75    0.92   -0.17 (VIOLATED)
_4695_/B1                               0.75    0.92   -0.17 (VIOLATED)
_4410_/S0                               0.75    0.86   -0.11 (VIOLATED)
_4398_/S0                               0.75    0.86   -0.11 (VIOLATED)
_4408_/S0                               0.75    0.86   -0.11 (VIOLATED)
_4402_/S0                               0.75    0.86   -0.11 (VIOLATED)
_4406_/S0                               0.75    0.86   -0.11 (VIOLATED)
_4412_/S0                               0.75    0.86   -0.11 (VIOLATED)
_4400_/S0                               0.75    0.86   -0.11 (VIOLATED)
_4404_/S0                               0.75    0.86   -0.11 (VIOLATED)
_4613_/A                                0.75    0.86   -0.11 (VIOLATED)
_4396_/X                                0.75    0.86   -0.11 (VIOLATED)
_4414_/S0                               0.75    0.86   -0.11 (VIOLATED)
_4370_/S0                               0.75    0.81   -0.06 (VIOLATED)
_4372_/S0                               0.75    0.81   -0.06 (VIOLATED)
_4376_/S0                               0.75    0.81   -0.06 (VIOLATED)
_4374_/S0                               0.75    0.81   -0.06 (VIOLATED)
_4380_/S0                               0.75    0.81   -0.06 (VIOLATED)
_4382_/S0                               0.75    0.81   -0.06 (VIOLATED)
_4362_/X                                0.75    0.81   -0.06 (VIOLATED)
_4364_/S0                               0.75    0.81   -0.06 (VIOLATED)
_4366_/S0                               0.75    0.81   -0.06 (VIOLATED)
_4368_/S0                               0.75    0.81   -0.06 (VIOLATED)
_4378_/S0                               0.75    0.81   -0.06 (VIOLATED)
_3229_/B1                               0.75    0.78   -0.03 (VIOLATED)
_5029_/A                                0.75    0.78   -0.03 (VIOLATED)
_4473_/A                                0.75    0.78   -0.03 (VIOLATED)
_2648_/A                                0.75    0.78   -0.03 (VIOLATED)
_5025_/A                                0.75    0.78   -0.03 (VIOLATED)
_2763_/B1                               0.75    0.78   -0.03 (VIOLATED)
_2606_/A                                0.75    0.78   -0.03 (VIOLATED)
_4095_/B1                               0.75    0.78   -0.03 (VIOLATED)
_3825_/B2                               0.75    0.78   -0.03 (VIOLATED)
_3660_/B1                               0.75    0.78   -0.03 (VIOLATED)
_4472_/X                                0.75    0.78   -0.03 (VIOLATED)



===========================================================================
report_parasitic_annotation -report_unannotated
============================================================================
Found 2969 unannotated drivers.
 clk
 raddr_c[0]
 raddr_c[1]
 rst
 start
 waddr_a[0]
 waddr_a[1]
 waddr_b[0]
 waddr_b[1]
 wdata_a[0]
 wdata_a[1]
 wdata_a[2]
 wdata_a[3]
 wdata_a[4]
 wdata_a[5]
 wdata_a[6]
 wdata_a[7]
 wdata_b[0]
 wdata_b[1]
 wdata_b[2]
 wdata_b[3]
 wdata_b[4]
 wdata_b[5]
 wdata_b[6]
 wdata_b[7]
 we_a
 we_b
 _2551_/X
 _2552_/Y
 _2553_/X
 _2554_/X
 _2555_/Y
 _2556_/X
 _2557_/Y
 _2558_/X
 _2559_/X
 _2560_/Y
 _2561_/X
 _2562_/X
 _2563_/X
 _2564_/X
 _2565_/Y
 _2566_/X
 _2567_/Y
 _2568_/Y
 _2569_/Y
 _2570_/X
 _2571_/Y
 _2572_/Y
 _2573_/X
 _2574_/X
 _2575_/X
 _2576_/X
 _2577_/Y
 _2578_/Y
 _2579_/X
 _2580_/Y
 _2581_/X
 _2582_/Y
 _2583_/X
 _2584_/X
 _2585_/X
 _2586_/Y
 _2587_/X
 _2588_/X
 _2589_/X
 _2590_/X
 _2591_/Y
 _2592_/X
 _2593_/Y
 _2594_/Y
 _2595_/Y
 _2596_/X
 _2597_/X
 _2598_/Y
 _2599_/Y
 _2600_/X
 _2601_/X
 _2602_/Y
 _2603_/Y
 _2604_/X
 _2605_/Y
 _2606_/X
 _2607_/X
 _2608_/X
 _2609_/X
 _2610_/Y
 _2611_/Y
 _2612_/X
 _2613_/Y
 _2614_/X
 _2615_/X
 _2616_/X
 _2617_/X
 _2618_/X
 _2619_/Y
 _2620_/Y
 _2621_/X
 _2622_/Y
 _2623_/Y
 _2624_/X
 _2625_/X
 _2626_/X
 _2627_/Y
 _2628_/X
 _2629_/X
 _2630_/Y
 _2631_/Y
 _2632_/X
 _2633_/X
 _2634_/X
 _2635_/Y
 _2636_/X
 _2637_/Y
 _2638_/Y
 _2639_/X
 _2640_/X
 _2641_/Y
 _2642_/X
 _2643_/X
 _2644_/X
 _2645_/Y
 _2646_/X
 _2647_/X
 _2648_/X
 _2649_/X
 _2650_/X
 _2651_/Y
 _2652_/X
 _2653_/X
 _2654_/X
 _2655_/X
 _2656_/X
 _2657_/Y
 _2658_/X
 _2659_/X
 _2660_/X
 _2661_/X
 _2662_/Y
 _2663_/Y
 _2664_/Y
 _2665_/X
 _2666_/X
 _2667_/X
 _2668_/X
 _2669_/X
 _2670_/Y
 _2671_/X
 _2672_/Y
 _2673_/X
 _2674_/Y
 _2675_/Y
 _2676_/X
 _2677_/X
 _2678_/Y
 _2679_/X
 _2680_/X
 _2681_/X
 _2682_/Y
 _2683_/Y
 _2684_/X
 _2685_/X
 _2686_/X
 _2687_/X
 _2688_/Y
 _2689_/Y
 _2690_/X
 _2691_/X
 _2692_/X
 _2693_/X
 _2694_/X
 _2695_/Y
 _2696_/Y
 _2697_/X
 _2698_/X
 _2699_/Y
 _2700_/Y
 _2701_/X
 _2702_/X
 _2703_/Y
 _2704_/Y
 _2705_/Y
 _2706_/Y
 _2707_/Y
 _2708_/X
 _2709_/Y
 _2710_/Y
 _2711_/X
 _2712_/X
 _2713_/X
 _2714_/Y
 _2715_/X
 _2716_/X
 _2717_/X
 _2718_/Y
 _2719_/Y
 _2720_/X
 _2721_/Y
 _2722_/Y
 _2723_/X
 _2724_/X
 _2725_/Y
 _2726_/X
 _2727_/X
 _2728_/X
 _2729_/X
 _2730_/Y
 _2731_/X
 _2732_/Y
 _2733_/Y
 _2734_/X
 _2735_/Y
 _2736_/Y
 _2737_/X
 _2738_/X
 _2739_/Y
 _2740_/X
 _2741_/Y
 _2742_/Y
 _2743_/X
 _2744_/Y
 _2745_/X
 _2746_/X
 _2747_/X
 _2748_/Y
 _2749_/X
 _2750_/Y
 _2751_/Y
 _2752_/X
 _2753_/Y
 _2754_/Y
 _2755_/Y
 _2756_/X
 _2757_/Y
 _2758_/Y
 _2759_/X
 _2760_/Y
 _2761_/Y
 _2762_/X
 _2763_/Y
 _2764_/X
 _2765_/X
 _2766_/X
 _2767_/X
 _2768_/Y
 _2769_/X
 _2770_/Y
 _2771_/Y
 _2772_/Y
 _2773_/Y
 _2774_/X
 _2775_/Y
 _2776_/X
 _2777_/X
 _2778_/Y
 _2779_/Y
 _2780_/Y
 _2781_/X
 _2782_/X
 _2783_/Y
 _2784_/Y
 _2785_/Y
 _2786_/Y
 _2787_/X
 _2788_/X
 _2789_/Y
 _2790_/Y
 _2791_/Y
 _2792_/X
 _2793_/X
 _2794_/X
 _2795_/X
 _2796_/X
 _2797_/X
 _2798_/X
 _2799_/X
 _2800_/Y
 _2801_/Y
 _2802_/X
 _2803_/Y
 _2804_/X
 _2805_/Y
 _2806_/X
 _2807_/Y
 _2808_/Y
 _2809_/X
 _2810_/Y
 _2811_/X
 _2812_/Y
 _2813_/Y
 _2814_/X
 _2815_/X
 _2816_/Y
 _2817_/Y
 _2818_/Y
 _2819_/Y
 _2820_/Y
 _2821_/X
 _2822_/Y
 _2823_/X
 _2824_/Y
 _2825_/X
 _2826_/X
 _2827_/Y
 _2828_/X
 _2829_/Y
 _2830_/Y
 _2831_/Y
 _2832_/X
 _2833_/X
 _2834_/Y
 _2835_/Y
 _2836_/Y
 _2837_/Y
 _2838_/X
 _2839_/Y
 _2840_/Y
 _2841_/X
 _2842_/Y
 _2843_/Y
 _2844_/X
 _2845_/X
 _2846_/Y
 _2847_/Y
 _2848_/X
 _2849_/Y
 _2850_/X
 _2851_/Y
 _2852_/X
 _2853_/X
 _2854_/X
 _2855_/Y
 _2856_/Y
 _2857_/Y
 _2858_/X
 _2859_/X
 _2860_/X
 _2861_/Y
 _2862_/X
 _2863_/X
 _2864_/X
 _2865_/Y
 _2866_/Y
 _2867_/X
 _2868_/Y
 _2869_/X
 _2870_/X
 _2871_/X
 _2872_/X
 _2873_/X
 _2874_/X
 _2875_/X
 _2876_/X
 _2877_/X
 _2878_/X
 _2879_/X
 _2880_/X
 _2881_/X
 _2882_/X
 _2883_/X
 _2884_/X
 _2885_/X
 _2886_/X
 _2887_/X
 _2888_/X
 _2889_/X
 _2890_/X
 _2891_/X
 _2892_/X
 _2893_/X
 _2894_/X
 _2895_/X
 _2896_/X
 _2897_/X
 _2898_/X
 _2899_/X
 _2900_/X
 _2901_/X
 _2902_/X
 _2903_/X
 _2904_/X
 _2905_/X
 _2906_/X
 _2907_/X
 _2908_/X
 _2909_/X
 _2910_/X
 _2911_/X
 _2912_/X
 _2913_/X
 _2914_/X
 _2915_/X
 _2916_/X
 _2917_/X
 _2918_/X
 _2919_/X
 _2920_/X
 _2921_/X
 _2922_/X
 _2923_/X
 _2924_/X
 _2925_/X
 _2926_/X
 _2927_/X
 _2928_/X
 _2929_/X
 _2930_/Y
 _2931_/X
 _2932_/X
 _2933_/X
 _2934_/X
 _2935_/Y
 _2936_/X
 _2937_/Y
 _2938_/Y
 _2939_/X
 _2940_/X
 _2941_/X
 _2942_/Y
 _2943_/Y
 _2944_/X
 _2945_/X
 _2946_/X
 _2947_/X
 _2948_/Y
 _2949_/Y
 _2950_/Y
 _2951_/Y
 _2952_/Y
 _2953_/X
 _2954_/X
 _2955_/X
 _2956_/X
 _2957_/X
 _2958_/X
 _2959_/X
 _2960_/X
 _2961_/X
 _2962_/Y
 _2963_/X
 _2964_/X
 _2965_/Y
 _2966_/Y
 _2967_/X
 _2968_/X
 _2969_/X
 _2970_/X
 _2971_/Y
 _2972_/Y
 _2973_/X
 _2974_/X
 _2975_/X
 _2976_/Y
 _2977_/X
 _2978_/Y
 _2979_/Y
 _2980_/X
 _2981_/Y
 _2982_/Y
 _2983_/Y
 _2984_/X
 _2985_/X
 _2986_/Y
 _2987_/X
 _2988_/X
 _2989_/X
 _2990_/Y
 _2991_/X
 _2992_/Y
 _2993_/X
 _2994_/X
 _2995_/X
 _2996_/X
 _2997_/Y
 _2998_/Y
 _2999_/Y
 _3000_/X
 _3001_/Y
 _3002_/X
 _3003_/X
 _3004_/Y
 _3005_/X
 _3006_/X
 _3007_/X
 _3008_/X
 _3009_/X
 _3010_/X
 _3011_/Y
 _3012_/Y
 _3013_/Y
 _3014_/X
 _3015_/X
 _3016_/X
 _3017_/Y
 _3018_/X
 _3019_/Y
 _3020_/X
 _3021_/X
 _3022_/X
 _3023_/Y
 _3024_/X
 _3025_/Y
 _3026_/X
 _3027_/X
 _3028_/Y
 _3029_/X
 _3030_/Y
 _3031_/X
 _3032_/X
 _3033_/Y
 _3034_/X
 _3035_/X
 _3036_/X
 _3037_/X
 _3038_/Y
 _3039_/X
 _3040_/Y
 _3041_/Y
 _3042_/Y
 _3043_/X
 _3044_/Y
 _3045_/Y
 _3046_/X
 _3047_/X
 _3048_/Y
 _3049_/Y
 _3050_/X
 _3051_/Y
 _3052_/X
 _3053_/Y
 _3054_/X
 _3055_/X
 _3056_/X
 _3057_/Y
 _3058_/X
 _3059_/X
 _3060_/X
 _3061_/X
 _3062_/Y
 _3063_/X
 _3064_/Y
 _3065_/Y
 _3066_/Y
 _3067_/X
 _3068_/X
 _3069_/Y
 _3070_/Y
 _3071_/X
 _3072_/X
 _3073_/Y
 _3074_/Y
 _3075_/X
 _3076_/Y
 _3077_/X
 _3078_/X
 _3079_/X
 _3080_/X
 _3081_/Y
 _3082_/Y
 _3083_/X
 _3084_/Y
 _3085_/X
 _3086_/X
 _3087_/X
 _3088_/X
 _3089_/X
 _3090_/Y
 _3091_/Y
 _3092_/X
 _3093_/Y
 _3094_/Y
 _3095_/X
 _3096_/X
 _3097_/X
 _3098_/Y
 _3099_/X
 _3100_/X
 _3101_/Y
 _3102_/Y
 _3103_/X
 _3104_/X
 _3105_/X
 _3106_/Y
 _3107_/X
 _3108_/Y
 _3109_/Y
 _3110_/X
 _3111_/X
 _3112_/Y
 _3113_/X
 _3114_/X
 _3115_/X
 _3116_/Y
 _3117_/X
 _3118_/X
 _3119_/X
 _3120_/Y
 _3121_/X
 _3122_/X
 _3123_/X
 _3124_/X
 _3125_/X
 _3126_/Y
 _3127_/X
 _3128_/X
 _3129_/X
 _3130_/X
 _3131_/Y
 _3132_/Y
 _3133_/Y
 _3134_/X
 _3135_/X
 _3136_/X
 _3137_/X
 _3138_/Y
 _3139_/X
 _3140_/Y
 _3141_/X
 _3142_/Y
 _3143_/Y
 _3144_/X
 _3145_/X
 _3146_/Y
 _3147_/X
 _3148_/X
 _3149_/X
 _3150_/Y
 _3151_/Y
 _3152_/X
 _3153_/X
 _3154_/X
 _3155_/X
 _3156_/Y
 _3157_/X
 _3158_/X
 _3159_/X
 _3160_/X
 _3161_/X
 _3162_/Y
 _3163_/Y
 _3164_/X
 _3165_/X
 _3166_/Y
 _3167_/Y
 _3168_/X
 _3169_/X
 _3170_/Y
 _3171_/Y
 _3172_/Y
 _3173_/Y
 _3174_/Y
 _3175_/X
 _3176_/Y
 _3177_/Y
 _3178_/X
 _3179_/X
 _3180_/X
 _3181_/Y
 _3182_/X
 _3183_/X
 _3184_/X
 _3185_/Y
 _3186_/Y
 _3187_/X
 _3188_/X
 _3189_/Y
 _3190_/Y
 _3191_/X
 _3192_/X
 _3193_/Y
 _3194_/X
 _3195_/X
 _3196_/X
 _3197_/Y
 _3198_/X
 _3199_/Y
 _3200_/Y
 _3201_/X
 _3202_/Y
 _3203_/Y
 _3204_/X
 _3205_/X
 _3206_/Y
 _3207_/X
 _3208_/Y
 _3209_/Y
 _3210_/X
 _3211_/Y
 _3212_/X
 _3213_/X
 _3214_/Y
 _3215_/X
 _3216_/Y
 _3217_/Y
 _3218_/X
 _3219_/Y
 _3220_/Y
 _3221_/Y
 _3222_/X
 _3223_/Y
 _3224_/Y
 _3225_/X
 _3226_/Y
 _3227_/Y
 _3228_/X
 _3229_/Y
 _3230_/X
 _3231_/X
 _3232_/X
 _3233_/X
 _3234_/Y
 _3235_/X
 _3236_/Y
 _3237_/Y
 _3238_/Y
 _3239_/Y
 _3240_/X
 _3241_/Y
 _3242_/X
 _3243_/X
 _3244_/Y
 _3245_/Y
 _3246_/Y
 _3247_/X
 _3248_/X
 _3249_/Y
 _3250_/Y
 _3251_/Y
 _3252_/Y
 _3253_/X
 _3254_/X
 _3255_/Y
 _3256_/Y
 _3257_/Y
 _3258_/X
 _3259_/X
 _3260_/X
 _3261_/X
 _3262_/X
 _3263_/X
 _3264_/X
 _3265_/X
 _3266_/Y
 _3267_/Y
 _3268_/X
 _3269_/Y
 _3270_/X
 _3271_/Y
 _3272_/X
 _3273_/Y
 _3274_/Y
 _3275_/X
 _3276_/Y
 _3277_/X
 _3278_/Y
 _3279_/Y
 _3280_/X
 _3281_/X
 _3282_/Y
 _3283_/Y
 _3284_/Y
 _3285_/Y
 _3286_/Y
 _3287_/X
 _3288_/Y
 _3289_/X
 _3290_/Y
 _3291_/X
 _3292_/X
 _3293_/Y
 _3294_/X
 _3295_/Y
 _3296_/Y
 _3297_/Y
 _3298_/X
 _3299_/X
 _3300_/Y
 _3301_/Y
 _3302_/Y
 _3303_/Y
 _3304_/X
 _3305_/Y
 _3306_/Y
 _3307_/X
 _3308_/Y
 _3309_/Y
 _3310_/X
 _3311_/X
 _3312_/Y
 _3313_/X
 _3314_/Y
 _3315_/X
 _3316_/Y
 _3317_/X
 _3318_/X
 _3319_/X
 _3320_/Y
 _3321_/Y
 _3322_/Y
 _3323_/X
 _3324_/X
 _3325_/Y
 _3326_/X
 _3327_/Y
 _3328_/X
 _3329_/X
 _3330_/Y
 _3331_/Y
 _3332_/X
 _3333_/Y
 _3334_/X
 _3335_/X
 _3336_/X
 _3337_/X
 _3338_/X
 _3339_/X
 _3340_/X
 _3341_/X
 _3342_/X
 _3343_/X
 _3344_/X
 _3345_/X
 _3346_/X
 _3347_/X
 _3348_/X
 _3349_/X
 _3350_/X
 _3351_/X
 _3352_/X
 _3353_/X
 _3354_/X
 _3355_/X
 _3356_/X
 _3357_/X
 _3358_/X
 _3359_/X
 _3360_/X
 _3361_/Y
 _3362_/X
 _3363_/X
 _3364_/X
 _3365_/Y
 _3366_/X
 _3367_/Y
 _3368_/Y
 _3369_/X
 _3370_/Y
 _3371_/X
 _3372_/Y
 _3373_/X
 _3374_/X
 _3375_/X
 _3376_/X
 _3377_/X
 _3378_/Y
 _3379_/Y
 _3380_/Y
 _3381_/Y
 _3382_/Y
 _3383_/X
 _3384_/X
 _3385_/X
 _3386_/X
 _3387_/X
 _3388_/X
 _3389_/Y
 _3390_/X
 _3391_/Y
 _3392_/X
 _3393_/Y
 _3394_/Y
 _3395_/X
 _3396_/X
 _3397_/X
 _3398_/X
 _3399_/Y
 _3400_/X
 _3401_/Y
 _3402_/X
 _3403_/X
 _3404_/Y
 _3405_/X
 _3406_/Y
 _3407_/Y
 _3408_/X
 _3409_/Y
 _3410_/Y
 _3411_/Y
 _3412_/X
 _3413_/X
 _3414_/X
 _3415_/Y
 _3416_/X
 _3417_/X
 _3418_/X
 _3419_/Y
 _3420_/X
 _3421_/Y
 _3422_/X
 _3423_/X
 _3424_/X
 _3425_/X
 _3426_/X
 _3427_/X
 _3428_/Y
 _3429_/X
 _3430_/Y
 _3431_/Y
 _3432_/X
 _3433_/X
 _3434_/X
 _3435_/X
 _3436_/X
 _3437_/Y
 _3438_/Y
 _3439_/Y
 _3440_/X
 _3441_/X
 _3442_/X
 _3443_/Y
 _3444_/X
 _3445_/Y
 _3446_/X
 _3447_/X
 _3448_/X
 _3449_/X
 _3450_/Y
 _3451_/X
 _3452_/Y
 _3453_/X
 _3454_/X
 _3455_/Y
 _3456_/X
 _3457_/Y
 _3458_/X
 _3459_/X
 _3460_/Y
 _3461_/X
 _3462_/X
 _3463_/X
 _3464_/Y
 _3465_/X
 _3466_/X
 _3467_/X
 _3468_/Y
 _3469_/Y
 _3470_/X
 _3471_/Y
 _3472_/Y
 _3473_/X
 _3474_/X
 _3475_/X
 _3476_/Y
 _3477_/Y
 _3478_/X
 _3479_/Y
 _3480_/X
 _3481_/Y
 _3482_/X
 _3483_/X
 _3484_/X
 _3485_/Y
 _3486_/X
 _3487_/X
 _3488_/X
 _3489_/Y
 _3490_/X
 _3491_/Y
 _3492_/X
 _3493_/X
 _3494_/Y
 _3495_/X
 _3496_/X
 _3497_/Y
 _3498_/Y
 _3499_/X
 _3500_/X
 _3501_/Y
 _3502_/Y
 _3503_/X
 _3504_/Y
 _3505_/X
 _3506_/X
 _3507_/X
 _3508_/X
 _3509_/X
 _3510_/Y
 _3511_/Y
 _3512_/X
 _3513_/Y
 _3514_/X
 _3515_/X
 _3516_/X
 _3517_/X
 _3518_/Y
 _3519_/Y
 _3520_/Y
 _3521_/Y
 _3522_/X
 _3523_/Y
 _3524_/Y
 _3525_/X
 _3526_/X
 _3527_/X
 _3528_/X
 _3529_/Y
 _3530_/X
 _3531_/X
 _3532_/Y
 _3533_/Y
 _3534_/X
 _3535_/X
 _3536_/X
 _3537_/Y
 _3538_/X
 _3539_/Y
 _3540_/X
 _3541_/Y
 _3542_/Y
 _3543_/X
 _3544_/X
 _3545_/X
 _3546_/X
 _3547_/Y
 _3548_/Y
 _3549_/X
 _3550_/X
 _3551_/Y
 _3552_/Y
 _3553_/Y
 _3554_/X
 _3555_/X
 _3556_/Y
 _3557_/X
 _3558_/X
 _3559_/X
 _3560_/X
 _3561_/Y
 _3562_/Y
 _3563_/Y
 _3564_/X
 _3565_/X
 _3566_/X
 _3567_/X
 _3568_/Y
 _3569_/X
 _3570_/Y
 _3571_/X
 _3572_/Y
 _3573_/Y
 _3574_/X
 _3575_/X
 _3576_/Y
 _3577_/X
 _3578_/X
 _3579_/Y
 _3580_/X
 _3581_/X
 _3582_/X
 _3583_/X
 _3584_/X
 _3585_/X
 _3586_/Y
 _3587_/X
 _3588_/X
 _3589_/X
 _3590_/X
 _3591_/X
 _3592_/Y
 _3593_/Y
 _3594_/X
 _3595_/X
 _3596_/Y
 _3597_/Y
 _3598_/X
 _3599_/X
 _3600_/Y
 _3601_/Y
 _3602_/Y
 _3603_/Y
 _3604_/Y
 _3605_/X
 _3606_/Y
 _3607_/Y
 _3608_/X
 _3609_/X
 _3610_/X
 _3611_/Y
 _3612_/X
 _3613_/X
 _3614_/X
 _3615_/Y
 _3616_/Y
 _3617_/X
 _3618_/X
 _3619_/Y
 _3620_/Y
 _3621_/X
 _3622_/X
 _3623_/X
 _3624_/Y
 _3625_/X
 _3626_/X
 _3627_/Y
 _3628_/X
 _3629_/Y
 _3630_/Y
 _3631_/X
 _3632_/Y
 _3633_/Y
 _3634_/X
 _3635_/X
 _3636_/Y
 _3637_/X
 _3638_/Y
 _3639_/Y
 _3640_/X
 _3641_/Y
 _3642_/X
 _3643_/X
 _3644_/X
 _3645_/Y
 _3646_/X
 _3647_/Y
 _3648_/X
 _3649_/X
 _3650_/X
 _3651_/Y
 _3652_/Y
 _3653_/X
 _3654_/Y
 _3655_/Y
 _3656_/X
 _3657_/Y
 _3658_/Y
 _3659_/X
 _3660_/Y
 _3661_/X
 _3662_/X
 _3663_/X
 _3664_/Y
 _3665_/X
 _3666_/Y
 _3667_/Y
 _3668_/Y
 _3669_/X
 _3670_/Y
 _3671_/X
 _3672_/X
 _3673_/Y
 _3674_/X
 _3675_/Y
 _3676_/Y
 _3677_/X
 _3678_/X
 _3679_/Y
 _3680_/Y
 _3681_/Y
 _3682_/X
 _3683_/X
 _3684_/Y
 _3685_/X
 _3686_/Y
 _3687_/Y
 _3688_/X
 _3689_/X
 _3690_/Y
 _3691_/X
 _3692_/X
 _3693_/X
 _3694_/X
 _3695_/X
 _3696_/X
 _3697_/Y
 _3698_/Y
 _3699_/X
 _3700_/Y
 _3701_/X
 _3702_/Y
 _3703_/X
 _3704_/Y
 _3705_/Y
 _3706_/X
 _3707_/Y
 _3708_/X
 _3709_/Y
 _3710_/Y
 _3711_/X
 _3712_/X
 _3713_/Y
 _3714_/Y
 _3715_/Y
 _3716_/Y
 _3717_/X
 _3718_/Y
 _3719_/X
 _3720_/Y
 _3721_/Y
 _3722_/Y
 _3723_/Y
 _3724_/X
 _3725_/Y
 _3726_/Y
 _3727_/Y
 _3728_/X
 _3729_/X
 _3730_/Y
 _3731_/Y
 _3732_/Y
 _3733_/Y
 _3734_/X
 _3735_/Y
 _3736_/Y
 _3737_/X
 _3738_/Y
 _3739_/Y
 _3740_/X
 _3741_/X
 _3742_/Y
 _3743_/X
 _3744_/Y
 _3745_/X
 _3746_/Y
 _3747_/X
 _3748_/X
 _3749_/X
 _3750_/Y
 _3751_/Y
 _3752_/Y
 _3753_/X
 _3754_/X
 _3755_/Y
 _3756_/X
 _3757_/Y
 _3758_/X
 _3759_/X
 _3760_/Y
 _3761_/Y
 _3762_/X
 _3763_/Y
 _3764_/X
 _3765_/X
 _3766_/X
 _3767_/X
 _3768_/X
 _3769_/X
 _3770_/X
 _3771_/X
 _3772_/X
 _3773_/X
 _3774_/X
 _3775_/X
 _3776_/X
 _3777_/X
 _3778_/X
 _3779_/X
 _3780_/X
 _3781_/X
 _3782_/X
 _3783_/X
 _3784_/X
 _3785_/X
 _3786_/X
 _3787_/X
 _3788_/X
 _3789_/X
 _3790_/X
 _3791_/X
 _3792_/X
 _3793_/X
 _3794_/X
 _3795_/X
 _3796_/X
 _3797_/X
 _3798_/X
 _3799_/X
 _3800_/X
 _3801_/X
 _3802_/X
 _3803_/X
 _3804_/Y
 _3805_/X
 _3806_/X
 _3807_/X
 _3808_/Y
 _3809_/X
 _3810_/Y
 _3811_/Y
 _3812_/X
 _3813_/Y
 _3814_/Y
 _3815_/X
 _3816_/X
 _3817_/X
 _3818_/X
 _3819_/Y
 _3820_/Y
 _3821_/Y
 _3822_/Y
 _3823_/Y
 _3824_/X
 _3825_/X
 _3826_/X
 _3827_/X
 _3828_/X
 _3829_/X
 _3830_/X
 _3831_/X
 _3832_/Y
 _3833_/X
 _3834_/X
 _3835_/Y
 _3836_/Y
 _3837_/X
 _3838_/X
 _3839_/X
 _3840_/X
 _3841_/Y
 _3842_/Y
 _3843_/X
 _3844_/X
 _3845_/X
 _3846_/Y
 _3847_/X
 _3848_/Y
 _3849_/X
 _3850_/X
 _3851_/X
 _3852_/Y
 _3853_/X
 _3854_/X
 _3855_/X
 _3856_/Y
 _3857_/X
 _3858_/Y
 _3859_/X
 _3860_/Y
 _3861_/Y
 _3862_/Y
 _3863_/Y
 _3864_/X
 _3865_/X
 _3866_/X
 _3867_/Y
 _3868_/Y
 _3869_/Y
 _3870_/X
 _3871_/Y
 _3872_/X
 _3873_/X
 _3874_/Y
 _3875_/X
 _3876_/X
 _3877_/X
 _3878_/Y
 _3879_/Y
 _3880_/Y
 _3881_/X
 _3882_/X
 _3883_/X
 _3884_/Y
 _3885_/X
 _3886_/Y
 _3887_/X
 _3888_/X
 _3889_/X
 _3890_/Y
 _3891_/X
 _3892_/Y
 _3893_/X
 _3894_/X
 _3895_/Y
 _3896_/X
 _3897_/X
 _3898_/Y
 _3899_/Y
 _3900_/Y
 _3901_/X
 _3902_/X
 _3903_/X
 _3904_/X
 _3905_/X
 _3906_/Y
 _3907_/X
 _3908_/Y
 _3909_/Y
 _3910_/Y
 _3911_/Y
 _3912_/X
 _3913_/Y
 _3914_/Y
 _3915_/X
 _3916_/X
 _3917_/Y
 _3918_/Y
 _3919_/X
 _3920_/Y
 _3921_/X
 _3922_/Y
 _3923_/X
 _3924_/X
 _3925_/X
 _3926_/Y
 _3927_/X
 _3928_/X
 _3929_/X
 _3930_/Y
 _3931_/X
 _3932_/Y
 _3933_/Y
 _3934_/Y
 _3935_/X
 _3936_/X
 _3937_/Y
 _3938_/Y
 _3939_/X
 _3940_/X
 _3941_/Y
 _3942_/Y
 _3943_/X
 _3944_/Y
 _3945_/X
 _3946_/X
 _3947_/X
 _3948_/X
 _3949_/Y
 _3950_/Y
 _3951_/X
 _3952_/Y
 _3953_/X
 _3954_/X
 _3955_/X
 _3956_/X
 _3957_/X
 _3958_/Y
 _3959_/Y
 _3960_/X
 _3961_/Y
 _3962_/Y
 _3963_/X
 _3964_/X
 _3965_/X
 _3966_/Y
 _3967_/X
 _3968_/X
 _3969_/Y
 _3970_/Y
 _3971_/X
 _3972_/X
 _3973_/X
 _3974_/Y
 _3975_/X
 _3976_/Y
 _3977_/Y
 _3978_/X
 _3979_/X
 _3980_/Y
 _3981_/X
 _3982_/X
 _3983_/X
 _3984_/Y
 _3985_/X
 _3986_/X
 _3987_/X
 _3988_/Y
 _3989_/X
 _3990_/X
 _3991_/X
 _3992_/X
 _3993_/Y
 _3994_/X
 _3995_/X
 _3996_/X
 _3997_/X
 _3998_/Y
 _3999_/Y
 _4000_/Y
 _4001_/X
 _4002_/X
 _4003_/X
 _4004_/X
 _4005_/Y
 _4006_/X
 _4007_/Y
 _4008_/X
 _4009_/Y
 _4010_/Y
 _4011_/X
 _4012_/X
 _4013_/Y
 _4014_/X
 _4015_/X
 _4016_/X
 _4017_/Y
 _4018_/Y
 _4019_/X
 _4020_/X
 _4021_/X
 _4022_/Y
 _4023_/Y
 _4024_/X
 _4025_/X
 _4026_/X
 _4027_/X
 _4028_/X
 _4029_/Y
 _4030_/Y
 _4031_/X
 _4032_/X
 _4033_/Y
 _4034_/Y
 _4035_/X
 _4036_/X
 _4037_/Y
 _4038_/Y
 _4039_/Y
 _4040_/Y
 _4041_/Y
 _4042_/X
 _4043_/Y
 _4044_/Y
 _4045_/X
 _4046_/X
 _4047_/X
 _4048_/Y
 _4049_/X
 _4050_/X
 _4051_/X
 _4052_/Y
 _4053_/Y
 _4054_/X
 _4055_/Y
 _4056_/Y
 _4057_/X
 _4058_/X
 _4059_/Y
 _4060_/X
 _4061_/X
 _4062_/X
 _4063_/Y
 _4064_/X
 _4065_/Y
 _4066_/Y
 _4067_/X
 _4068_/Y
 _4069_/Y
 _4070_/X
 _4071_/X
 _4072_/Y
 _4073_/X
 _4074_/Y
 _4075_/Y
 _4076_/X
 _4077_/Y
 _4078_/X
 _4079_/X
 _4080_/Y
 _4081_/X
 _4082_/Y
 _4083_/Y
 _4084_/X
 _4085_/Y
 _4086_/Y
 _4087_/Y
 _4088_/X
 _4089_/Y
 _4090_/Y
 _4091_/X
 _4092_/Y
 _4093_/Y
 _4094_/X
 _4095_/Y
 _4096_/X
 _4097_/X
 _4098_/X
 _4099_/X
 _4100_/Y
 _4101_/X
 _4102_/Y
 _4103_/Y
 _4104_/Y
 _4105_/Y
 _4106_/X
 _4107_/Y
 _4108_/X
 _4109_/X
 _4110_/Y
 _4111_/Y
 _4112_/Y
 _4113_/X
 _4114_/X
 _4115_/Y
 _4116_/Y
 _4117_/Y
 _4118_/Y
 _4119_/X
 _4120_/X
 _4121_/Y
 _4122_/Y
 _4123_/Y
 _4124_/X
 _4125_/X
 _4126_/X
 _4127_/X
 _4128_/X
 _4129_/X
 _4130_/X
 _4131_/X
 _4132_/Y
 _4133_/Y
 _4134_/X
 _4135_/Y
 _4136_/X
 _4137_/Y
 _4138_/X
 _4139_/Y
 _4140_/Y
 _4141_/X
 _4142_/Y
 _4143_/X
 _4144_/Y
 _4145_/Y
 _4146_/X
 _4147_/X
 _4148_/Y
 _4149_/Y
 _4150_/Y
 _4151_/Y
 _4152_/Y
 _4153_/X
 _4154_/Y
 _4155_/X
 _4156_/Y
 _4157_/X
 _4158_/X
 _4159_/Y
 _4160_/X
 _4161_/Y
 _4162_/Y
 _4163_/Y
 _4164_/X
 _4165_/X
 _4166_/Y
 _4167_/Y
 _4168_/Y
 _4169_/Y
 _4170_/X
 _4171_/Y
 _4172_/Y
 _4173_/X
 _4174_/Y
 _4175_/Y
 _4176_/X
 _4177_/X
 _4178_/Y
 _4179_/Y
 _4180_/X
 _4181_/Y
 _4182_/X
 _4183_/Y
 _4184_/X
 _4185_/X
 _4186_/X
 _4187_/Y
 _4188_/Y
 _4189_/Y
 _4190_/X
 _4191_/X
 _4192_/X
 _4193_/Y
 _4194_/X
 _4195_/X
 _4196_/Y
 _4197_/Y
 _4198_/X
 _4199_/Y
 _4200_/X
 _4201_/X
 _4202_/X
 _4203_/X
 _4204_/X
 _4205_/X
 _4206_/X
 _4207_/X
 _4208_/X
 _4209_/X
 _4210_/X
 _4211_/X
 _4212_/X
 _4213_/X
 _4214_/X
 _4215_/X
 _4216_/X
 _4217_/X
 _4218_/X
 _4219_/X
 _4220_/X
 _4221_/X
 _4222_/X
 _4223_/X
 _4224_/X
 _4225_/X
 _4226_/X
 _4227_/X
 _4228_/X
 _4229_/X
 _4230_/X
 _4231_/X
 _4232_/X
 _4233_/X
 _4234_/X
 _4235_/X
 _4236_/X
 _4237_/X
 _4238_/X
 _4239_/X
 _4240_/X
 _4241_/X
 _4242_/X
 _4243_/X
 _4244_/X
 _4245_/X
 _4246_/X
 _4247_/X
 _4248_/X
 _4249_/X
 _4250_/X
 _4251_/X
 _4252_/X
 _4253_/X
 _4254_/X
 _4255_/X
 _4256_/X
 _4257_/X
 _4258_/X
 _4259_/X
 _4260_/X
 _4261_/X
 _4262_/X
 _4263_/X
 _4264_/X
 _4265_/X
 _4266_/X
 _4267_/X
 _4268_/X
 _4269_/X
 _4270_/X
 _4271_/X
 _4272_/X
 _4273_/X
 _4274_/X
 _4275_/X
 _4276_/X
 _4277_/X
 _4278_/X
 _4279_/X
 _4280_/X
 _4281_/X
 _4282_/X
 _4283_/X
 _4284_/X
 _4285_/X
 _4286_/X
 _4287_/X
 _4288_/X
 _4289_/X
 _4290_/X
 _4291_/X
 _4292_/X
 _4293_/X
 _4294_/X
 _4295_/X
 _4296_/X
 _4297_/X
 _4298_/X
 _4299_/X
 _4300_/X
 _4301_/X
 _4302_/X
 _4303_/X
 _4304_/X
 _4305_/X
 _4306_/X
 _4307_/X
 _4308_/X
 _4309_/X
 _4310_/X
 _4311_/X
 _4312_/X
 _4313_/X
 _4314_/X
 _4315_/X
 _4316_/X
 _4317_/X
 _4318_/X
 _4319_/X
 _4320_/X
 _4321_/X
 _4322_/X
 _4323_/X
 _4324_/X
 _4325_/X
 _4326_/X
 _4327_/X
 _4328_/X
 _4329_/X
 _4330_/X
 _4331_/X
 _4332_/X
 _4333_/X
 _4334_/X
 _4335_/X
 _4336_/X
 _4337_/X
 _4338_/X
 _4339_/X
 _4340_/Y
 _4341_/X
 _4342_/Y
 _4343_/Y
 _4344_/X
 _4345_/Y
 _4346_/X
 _4347_/Y
 _4348_/Y
 _4349_/X
 _4350_/X
 _4351_/Y
 _4352_/X
 _4353_/X
 _4354_/X
 _4355_/X
 _4356_/Y
 _4357_/Y
 _4358_/Y
 _4359_/X
 _4360_/Y
 _4361_/Y
 _4362_/X
 _4363_/X
 _4364_/X
 _4365_/X
 _4366_/X
 _4367_/X
 _4368_/X
 _4369_/X
 _4370_/X
 _4371_/X
 _4372_/X
 _4373_/X
 _4374_/X
 _4375_/X
 _4376_/X
 _4377_/X
 _4378_/X
 _4379_/X
 _4380_/X
 _4381_/X
 _4382_/X
 _4383_/X
 _4384_/X
 _4385_/X
 _4386_/X
 _4387_/X
 _4388_/X
 _4389_/X
 _4390_/X
 _4391_/X
 _4392_/X
 _4393_/X
 _4394_/X
 _4395_/X
 _4396_/X
 _4397_/X
 _4398_/X
 _4399_/X
 _4400_/X
 _4401_/X
 _4402_/X
 _4403_/X
 _4404_/X
 _4405_/X
 _4406_/X
 _4407_/X
 _4408_/X
 _4409_/X
 _4410_/X
 _4411_/X
 _4412_/X
 _4413_/X
 _4414_/X
 _4415_/X
 _4416_/X
 _4417_/X
 _4418_/X
 _4419_/X
 _4420_/X
 _4421_/X
 _4422_/X
 _4423_/X
 _4424_/X
 _4425_/X
 _4426_/X
 _4427_/X
 _4428_/X
 _4429_/X
 _4430_/X
 _4431_/X
 _4432_/X
 _4433_/X
 _4434_/X
 _4435_/X
 _4436_/X
 _4437_/X
 _4438_/X
 _4439_/X
 _4440_/X
 _4441_/X
 _4442_/X
 _4443_/X
 _4444_/X
 _4445_/X
 _4446_/X
 _4447_/X
 _4448_/X
 _4449_/X
 _4450_/X
 _4451_/X
 _4452_/X
 _4453_/X
 _4454_/X
 _4455_/X
 _4456_/X
 _4457_/X
 _4458_/X
 _4459_/X
 _4460_/X
 _4461_/X
 _4462_/X
 _4463_/X
 _4464_/X
 _4465_/X
 _4466_/X
 _4467_/X
 _4468_/X
 _4469_/X
 _4470_/X
 _4471_/Y
 _4472_/X
 _4473_/X
 _4474_/X
 _4475_/Y
 _4476_/X
 _4477_/X
 _4478_/X
 _4479_/Y
 _4480_/X
 _4481_/X
 _4482_/Y
 _4483_/X
 _4484_/Y
 _4485_/X
 _4486_/X
 _4487_/X
 _4488_/X
 _4489_/X
 _4490_/X
 _4491_/X
 _4492_/X
 _4493_/X
 _4494_/X
 _4495_/X
 _4496_/X
 _4497_/X
 _4498_/X
 _4499_/X
 _4500_/X
 _4501_/X
 _4502_/X
 _4503_/X
 _4504_/X
 _4505_/X
 _4506_/X
 _4507_/X
 _4508_/X
 _4509_/X
 _4510_/X
 _4511_/X
 _4512_/X
 _4513_/X
 _4514_/X
 _4515_/X
 _4516_/X
 _4517_/X
 _4518_/X
 _4519_/X
 _4520_/X
 _4521_/X
 _4522_/X
 _4523_/X
 _4524_/X
 _4525_/X
 _4526_/X
 _4527_/X
 _4528_/X
 _4529_/X
 _4530_/X
 _4531_/X
 _4532_/X
 _4533_/X
 _4534_/X
 _4535_/X
 _4536_/X
 _4537_/X
 _4538_/X
 _4539_/X
 _4540_/X
 _4541_/X
 _4542_/X
 _4543_/X
 _4544_/X
 _4545_/X
 _4546_/X
 _4547_/X
 _4548_/X
 _4549_/X
 _4550_/X
 _4551_/X
 _4552_/X
 _4553_/X
 _4554_/X
 _4555_/X
 _4556_/X
 _4557_/X
 _4558_/X
 _4559_/X
 _4560_/X
 _4561_/X
 _4562_/X
 _4563_/X
 _4564_/X
 _4565_/X
 _4566_/X
 _4567_/X
 _4568_/X
 _4569_/X
 _4570_/X
 _4571_/X
 _4572_/X
 _4573_/X
 _4574_/X
 _4575_/X
 _4576_/X
 _4577_/X
 _4578_/X
 _4579_/X
 _4580_/X
 _4581_/X
 _4582_/X
 _4583_/X
 _4584_/X
 _4585_/X
 _4586_/X
 _4587_/X
 _4588_/X
 _4589_/X
 _4590_/X
 _4591_/X
 _4592_/X
 _4593_/X
 _4594_/X
 _4595_/X
 _4596_/X
 _4597_/X
 _4598_/X
 _4599_/X
 _4600_/X
 _4601_/X
 _4602_/X
 _4603_/X
 _4604_/X
 _4605_/Y
 _4606_/Y
 _4607_/Y
 _4608_/Y
 _4609_/Y
 _4610_/Y
 _4611_/Y
 _4612_/X
 _4613_/Y
 _4614_/X
 _4615_/X
 _4616_/Y
 _4617_/X
 _4618_/X
 _4619_/X
 _4620_/X
 _4621_/X
 _4622_/X
 _4623_/X
 _4624_/Y
 _4625_/Y
 _4626_/X
 _4627_/X
 _4628_/X
 _4629_/X
 _4630_/X
 _4631_/X
 _4632_/X
 _4633_/X
 _4634_/X
 _4635_/X
 _4636_/X
 _4637_/X
 _4638_/X
 _4639_/X
 _4640_/X
 _4641_/X
 _4642_/X
 _4643_/Y
 _4644_/X
 _4645_/X
 _4646_/X
 _4647_/X
 _4648_/X
 _4649_/X
 _4650_/X
 _4651_/X
 _4652_/X
 _4653_/X
 _4654_/X
 _4655_/X
 _4656_/X
 _4657_/X
 _4658_/X
 _4659_/X
 _4660_/X
 _4661_/X
 _4662_/X
 _4663_/X
 _4664_/X
 _4665_/X
 _4666_/X
 _4667_/X
 _4668_/X
 _4669_/X
 _4670_/X
 _4671_/X
 _4672_/X
 _4673_/X
 _4674_/X
 _4675_/X
 _4676_/X
 _4677_/X
 _4678_/X
 _4679_/X
 _4680_/X
 _4681_/X
 _4682_/X
 _4683_/X
 _4684_/X
 _4685_/X
 _4686_/X
 _4687_/X
 _4688_/X
 _4689_/X
 _4690_/X
 _4691_/X
 _4692_/X
 _4693_/X
 _4694_/Y
 _4695_/Y
 _4696_/X
 _4697_/X
 _4698_/X
 _4699_/X
 _4700_/Y
 _4701_/X
 _4702_/X
 _4703_/X
 _4704_/X
 _4705_/X
 _4706_/X
 _4707_/X
 _4708_/X
 _4709_/Y
 _4710_/Y
 _4711_/X
 _4712_/X
 _4713_/X
 _4714_/X
 _4715_/X
 _4716_/X
 _4717_/Y
 _4718_/X
 _4719_/X
 _4720_/Y
 _4721_/X
 _4722_/X
 _4723_/X
 _4724_/Y
 _4725_/X
 _4726_/X
 _4727_/X
 _4728_/X
 _4729_/X
 _4730_/X
 _4731_/Y
 _4732_/X
 _4733_/X
 _4734_/Y
 _4735_/X
 _4736_/X
 _4737_/X
 _4738_/X
 _4739_/X
 _4740_/X
 _4741_/X
 _4742_/X
 _4743_/X
 _4744_/X
 _4745_/X
 _4746_/X
 _4747_/X
 _4748_/X
 _4749_/X
 _4750_/X
 _4751_/X
 _4752_/X
 _4753_/X
 _4754_/X
 _4755_/X
 _4756_/X
 _4757_/X
 _4758_/X
 _4759_/X
 _4760_/X
 _4761_/X
 _4762_/X
 _4763_/X
 _4764_/X
 _4765_/X
 _4766_/X
 _4767_/X
 _4768_/X
 _4769_/X
 _4770_/X
 _4771_/X
 _4772_/X
 _4773_/X
 _4774_/X
 _4775_/X
 _4776_/X
 _4777_/X
 _4778_/X
 _4779_/X
 _4780_/X
 _4781_/X
 _4782_/X
 _4783_/X
 _4784_/X
 _4785_/X
 _4786_/X
 _4787_/X
 _4788_/X
 _4789_/X
 _4790_/X
 _4791_/X
 _4792_/Y
 _4793_/X
 _4794_/X
 _4795_/X
 _4796_/Y
 _4797_/X
 _4798_/X
 _4799_/X
 _4800_/X
 _4801_/X
 _4802_/X
 _4803_/X
 _4804_/X
 _4805_/X
 _4806_/X
 _4807_/X
 _4808_/X
 _4809_/X
 _4810_/X
 _4811_/X
 _4812_/X
 _4813_/X
 _4814_/X
 _4815_/X
 _4816_/X
 _4817_/X
 _4818_/X
 _4819_/X
 _4820_/X
 _4821_/X
 _4822_/X
 _4823_/X
 _4824_/X
 _4825_/X
 _4826_/X
 _4827_/X
 _4828_/X
 _4829_/X
 _4830_/X
 _4831_/X
 _4832_/X
 _4833_/X
 _4834_/X
 _4835_/X
 _4836_/X
 _4837_/X
 _4838_/X
 _4839_/X
 _4840_/X
 _4841_/X
 _4842_/X
 _4843_/X
 _4844_/X
 _4845_/X
 _4846_/X
 _4847_/X
 _4848_/X
 _4849_/X
 _4850_/X
 _4851_/X
 _4852_/X
 _4853_/X
 _4854_/X
 _4855_/X
 _4856_/X
 _4857_/X
 _4858_/X
 _4859_/X
 _4860_/X
 _4861_/X
 _4862_/X
 _4863_/X
 _4864_/X
 _4865_/X
 _4866_/X
 _4867_/X
 _4868_/X
 _4869_/X
 _4870_/X
 _4871_/X
 _4872_/X
 _4873_/X
 _4874_/X
 _4875_/X
 _4876_/X
 _4877_/X
 _4878_/X
 _4879_/X
 _4880_/X
 _4881_/X
 _4882_/X
 _4883_/X
 _4884_/X
 _4885_/X
 _4886_/X
 _4887_/X
 _4888_/X
 _4889_/X
 _4890_/X
 _4891_/X
 _4892_/X
 _4893_/X
 _4894_/X
 _4895_/X
 _4896_/X
 _4897_/X
 _4898_/X
 _4899_/X
 _4900_/X
 _4901_/X
 _4902_/X
 _4903_/X
 _4904_/X
 _4905_/X
 _4906_/X
 _4907_/X
 _4908_/X
 _4909_/X
 _4910_/X
 _4911_/X
 _4912_/X
 _4913_/X
 _4914_/X
 _4915_/X
 _4916_/X
 _4917_/X
 _4918_/X
 _4919_/X
 _4920_/X
 _4921_/X
 _4922_/X
 _4923_/X
 _4924_/X
 _4925_/X
 _4926_/X
 _4927_/X
 _4928_/X
 _4929_/X
 _4930_/X
 _4931_/X
 _4932_/X
 _4933_/X
 _4934_/X
 _4935_/X
 _4936_/X
 _4937_/X
 _4938_/X
 _4939_/X
 _4940_/X
 _4941_/X
 _4942_/X
 _4943_/X
 _4944_/X
 _4945_/X
 _4946_/X
 _4947_/X
 _4948_/X
 _4949_/X
 _4950_/X
 _4951_/X
 _4952_/X
 _4953_/X
 _4954_/X
 _4955_/X
 _4956_/X
 _4957_/X
 _4958_/X
 _4959_/X
 _4960_/X
 _4961_/X
 _4962_/X
 _4963_/X
 _4964_/X
 _4965_/X
 _4966_/X
 _4967_/X
 _4968_/X
 _4969_/X
 _4970_/X
 _4971_/X
 _4972_/X
 _4973_/X
 _4974_/X
 _4975_/X
 _4976_/X
 _4977_/X
 _4978_/X
 _4979_/X
 _4980_/X
 _4981_/X
 _4982_/X
 _4983_/X
 _4984_/X
 _4985_/X
 _4986_/X
 _4987_/X
 _4988_/X
 _4989_/X
 _4990_/X
 _4991_/X
 _4992_/X
 _4993_/X
 _4994_/X
 _4995_/X
 _4996_/X
 _4997_/X
 _4998_/X
 _4999_/X
 _5000_/Y
 _5001_/X
 _5002_/X
 _5003_/X
 _5004_/X
 _5005_/Y
 _5006_/X
 _5007_/Y
 _5008_/X
 _5009_/X
 _5010_/Y
 _5011_/X
 _5012_/X
 _5013_/Y
 _5014_/Y
 _5015_/X
 _5016_/X
 _5017_/X
 _5018_/X
 _5019_/Y
 _5020_/Y
 _5021_/Y
 _5022_/Y
 _5023_/Y
 _5024_/X
 _5025_/X
 _5026_/X
 _5027_/X
 _5028_/X
 _5029_/X
 _5030_/X
 _5031_/X
 _5032_/X
 _5033_/X
 _5034_/X
 _5035_/Y
 _5036_/X
 _5037_/X
 _5038_/X
 _5039_/Y
 _5040_/Y
 _5041_/X
 _5042_/X
 _5043_/X
 _5044_/X
 _5045_/Y
 _5046_/Y
 _5047_/X
 _5048_/X
 _5049_/X
 _5050_/Y
 _5051_/X
 _5052_/Y
 _5053_/X
 _5054_/Y
 _5055_/X
 _5056_/Y
 _5057_/Y
 _5058_/Y
 _5059_/X
 _5060_/X
 _5061_/X
 _5062_/Y
 _5063_/X
 _5064_/X
 _5065_/X
 _5066_/Y
 _5067_/X
 _5068_/Y
 _5069_/X
 _5070_/X
 _5071_/X
 _5072_/X
 _5073_/Y
 _5074_/Y
 _5075_/Y
 _5076_/X
 _5077_/Y
 _5078_/X
 _5079_/X
 _5080_/X
 _5081_/Y
 _5082_/X
 _5083_/X
 _5084_/X
 _5085_/X
 _5086_/X
 _5087_/X
 _5088_/Y
 _5089_/Y
 _5090_/Y
 _5091_/X
 _5092_/X
 _5093_/X
 _5094_/Y
 _5095_/X
 _5096_/Y
 _5097_/X
 _5098_/X
 _5099_/X
 _5100_/X
 _5101_/Y
 _5102_/Q
 _5103_/Q
 _5104_/Q
 _5105_/Q
 _5106_/Q
 _5107_/Q
 _5108_/Q
 _5109_/Q
 _5110_/Q
 _5111_/Q
 _5112_/Q
 _5113_/Q
 _5114_/Q
 _5115_/Q
 _5116_/Q
 _5117_/Q
 _5118_/Q
 _5119_/Q
 _5120_/Q
 _5121_/Q
 _5122_/Q
 _5123_/Q
 _5124_/Q
 _5125_/Q
 _5126_/Q
 _5127_/Q
 _5128_/Q
 _5129_/Q
 _5130_/Q
 _5131_/Q
 _5132_/Q
 _5133_/Q
 _5134_/Q
 _5135_/Q
 _5136_/Q
 _5137_/Q
 _5138_/Q
 _5139_/Q
 _5140_/Q
 _5141_/Q
 _5142_/Q
 _5143_/Q
 _5144_/Q
 _5145_/Q
 _5146_/Q
 _5147_/Q
 _5148_/Q
 _5149_/Q
 _5150_/Q
 _5151_/Q
 _5152_/Q
 _5153_/Q
 _5154_/Q
 _5155_/Q
 _5156_/Q
 _5157_/Q
 _5158_/Q
 _5159_/Q
 _5160_/Q
 _5161_/Q
 _5162_/Q
 _5163_/Q
 _5164_/Q
 _5165_/Q
 _5166_/Q
 _5167_/Q
 _5168_/Q
 _5169_/Q
 _5170_/Q
 _5171_/Q
 _5172_/Q
 _5173_/Q
 _5174_/Q
 _5175_/Q
 _5176_/Q
 _5177_/Q
 _5178_/Q
 _5179_/Q
 _5180_/Q
 _5181_/Q
 _5182_/Q
 _5183_/Q
 _5184_/Q
 _5185_/Q
 _5186_/Q
 _5187_/Q
 _5188_/Q
 _5189_/Q
 _5190_/Q
 _5191_/Q
 _5192_/Q
 _5193_/Q
 _5194_/Q
 _5195_/Q
 _5196_/Q
 _5197_/Q
 _5198_/Q
 _5199_/Q
 _5200_/Q
 _5201_/Q
 _5202_/Q
 _5203_/Q
 _5204_/Q
 _5205_/Q
 _5206_/Q
 _5207_/Q
 _5208_/Q
 _5209_/Q
 _5210_/Q
 _5211_/Q
 _5212_/Q
 _5213_/Q
 _5214_/Q
 _5215_/Q
 _5216_/Q
 _5217_/Q
 _5218_/Q
 _5219_/Q
 _5220_/Q
 _5221_/Q
 _5222_/Q
 _5223_/Q
 _5224_/Q
 _5225_/Q
 _5226_/Q
 _5227_/Q
 _5228_/Q
 _5229_/Q
 _5230_/Q
 _5231_/Q
 _5232_/Q
 _5233_/Q
 _5234_/Q
 _5235_/Q
 _5236_/Q
 _5237_/Q
 _5238_/Q
 _5239_/Q
 _5240_/Q
 _5241_/Q
 _5242_/Q
 _5243_/Q
 _5244_/Q
 _5245_/Q
 _5246_/Q
 _5247_/Q
 _5248_/Q
 _5249_/Q
 _5250_/Q
 _5251_/Q
 _5252_/Q
 _5253_/Q
 _5254_/Q
 _5255_/Q
 _5256_/Q
 _5257_/Q
 _5258_/Q
 _5259_/Q
 _5260_/Q
 _5261_/Q
 _5262_/Q
 _5263_/Q
 _5264_/Q
 _5265_/Q
 _5266_/Q
 _5267_/Q
 _5268_/Q
 _5269_/Q
 _5270_/Q
 _5271_/Q
 _5272_/Q
 _5273_/Q
 _5274_/Q
 _5275_/Q
 _5276_/Q
 _5277_/Q
 _5278_/Q
 _5279_/Q
 _5280_/Q
 _5281_/Q
 _5282_/Q
 _5283_/Q
 _5284_/Q
 _5285_/Q
 _5286_/Q
 _5287_/Q
 _5288_/Q
 _5289_/Q
 _5290_/Q
 _5291_/Q
 _5292_/Q
 _5293_/Q
 _5294_/Q
 _5295_/Q
 _5296_/Q
 _5297_/Q
 _5298_/Q
 _5299_/Q
 _5300_/Q
 _5301_/Q
 _5302_/Q
 _5303_/Q
 _5304_/Q
 _5305_/Q
 _5306_/Q
 _5307_/Q
 _5308_/Q
 _5309_/Q
 _5310_/Q
 _5311_/Q
 _5312_/Q
 _5313_/Q
 _5314_/Q
 _5315_/Q
 _5316_/Q
 _5317_/Q
 _5318_/Q
 _5319_/Q
 _5320_/Q
 _5321_/Q
 _5322_/Q
 _5323_/Q
 _5324_/Q
 _5325_/Q
 _5326_/Q
 _5327_/Q
 _5328_/Q
 _5329_/Q
 _5330_/Q
 _5331_/Q
 _5332_/Q
 _5333_/Q
 _5334_/Q
 _5335_/Q
 _5336_/Q
 _5337_/Q
 _5338_/Q
 _5339_/Q
 _5340_/Q
 _5341_/Q
 _5342_/Q
 _5343_/Q
 _5344_/Q
 _5345_/Q
 _5346_/Q
 _5347_/Q
 _5348_/Q
 _5349_/Q
 _5350_/Q
 _5351_/Q
 _5352_/Q
 _5353_/Q
 _5354_/Q
 _5355_/Q
 _5356_/Q
 _5357_/Q
 _5358_/Q
 _5359_/Q
 _5360_/Q
 _5361_/Q
 _5362_/Q
 _5363_/Q
 _5364_/Q
 _5365_/Q
 _5366_/Q
 _5367_/Q
 _5368_/Q
 _5369_/Q
 _5370_/Q
 _5371_/Q
 _5372_/Q
 _5373_/Q
 _5374_/Q
 _5375_/Q
 _5376_/Q
 _5377_/Q
 _5378_/Q
 _5379_/Q
 _5380_/Q
 _5381_/Q
 _5382_/Q
 _5383_/Q
 _5384_/Q
 _5385_/Q
 _5386_/Q
 _5387_/Q
 _5388_/Q
 _5389_/Q
 _5390_/Q
 _5391_/Q
 _5392_/Q
 _5393_/Q
 _5394_/Q
 _5395_/Q
 _5396_/Q
 _5397_/Q
 _5398_/Q
 _5399_/Q
 _5400_/Q
 _5401_/Q
 _5402_/Q
 _5403_/Q
 _5404_/Q
 _5405_/Q
 _5406_/Q
 _5407_/Q
 _5408_/Q
 _5409_/Q
 _5410_/Q
 _5411_/Q
 _5412_/Q
 _5413_/Q
 _5414_/Q
 _5415_/Q
 _5416_/Q
 _5417_/Q
 _5418_/Q
 _5419_/Q
 _5420_/Q
 _5421_/Q
 _5422_/Q
 _5423_/Q
 _5424_/Q
 _5425_/Q
 _5426_/Q
 _5427_/Q
 _5428_/Q
 _5429_/Q
 _5430_/Q
 _5431_/Q
 _5432_/Q
 _5433_/Q
 _5434_/Q
 _5435_/Q
 _5436_/Q
 _5437_/Q
 _5438_/Q
 _5439_/Q
 _5440_/Q
 _5441_/Q
 _5442_/Q
 _5443_/Q
 _5444_/Q
 _5445_/Q
 _5446_/Q
 _5447_/Q
 _5448_/Q
 _5449_/Q
 _5450_/Q
 _5451_/Q
 _5452_/Q
 _5453_/Q
 _5454_/Q
 _5455_/Q
 _5456_/Q
 _5457_/Q
 _5458_/Q
 _5459_/Q
 _5460_/Q
 _5461_/Q
 _5462_/Q
 _5463_/Q
 _5464_/Q
 _5465_/Q
 _5466_/Q
 _5467_/Q
 _5468_/Q
 _5469_/Q
 _5470_/Q
 _5471_/Q
 _5472_/Q
 _5473_/Q
 _5474_/Q
 _5475_/Q
 _5476_/Q
 _5477_/Q
 _5478_/Q
 _5479_/Q
 _5480_/Q
 _5481_/Q
 _5482_/Q
 _5483_/Q
 _5484_/Q
 _5485_/Q
 _5486_/Q
 _5487_/Q
 _5488_/Q
 _5489_/Q
 _5490_/Q
 _5491_/Q
 _5492_/Q
Found 0 partially unannotated drivers.

===========================================================================
max slew violation count 55
max fanout violation count 0
max cap violation count 0
============================================================================

===========================================================================
check_setup -verbose -unconstrained_endpoints -multiple_clock -no_clock -no_input_delay -loops -generated_clocks
===========================================================================
